0 info it worked if it ends with ok
1 verbose cli [ 'C:\\Program Files\\nodejs\\node.exe',
1 verbose cli   'C:\\Program Files\\nodejs\\node_modules\\npm\\bin\\npm-cli.js',
1 verbose cli   'run',
1 verbose cli   'dev' ]
2 info using npm@3.10.10
3 info using node@v6.9.5
4 verbose run-script [ 'predev', 'dev', 'postdev' ]
5 info lifecycle webtest@1.0.0~predev: webtest@1.0.0
6 silly lifecycle webtest@1.0.0~predev: no script for predev, continuing
7 info lifecycle webtest@1.0.0~dev: webtest@1.0.0
8 verbose lifecycle webtest@1.0.0~dev: unsafe-perm in lifecycle true
9 verbose lifecycle webtest@1.0.0~dev: PATH: C:\Program Files\nodejs\node_modules\npm\bin\node-gyp-bin;C:\Users\Hungyu Wei\Desktop\MY_NODE_WEB\node_modules\.bin;C:\ProgramData\Oracle\Java\javapath;C:\Program Files\Java\jdk1.8.0_77\bin;C:\Windows\system32;C:\Windows;C:\Windows\System32\Wbem;C:\Windows\System32\WindowsPowerShell\v1.0\;C:\PROGRA~2\ULTRAE~1;C:\Program Files\TortoiseSVN\bin;C:\cygwin\bin;c:\cygwin\usr\sbin;C:\cygwin\sbin;C:\cygwin\usr\bin;C:\cygwin\usr\local\bin;C:\cygwin\usr\local\sbin;C:\sde6\bin;C:\sde6\usr\bin;C:\Program Files\Git\cmd;C:\Program Files (x86)\Tesseract-OCR;C:\Program Files\nodejs\;C:\Program Files (x86)\Brackets\command;C:\Program Files (x86)\Skype\Phone\;C:\opencv\build\x64\vc14\bin;C:\Program Files (x86)\Windows Kits\8.1\Windows Performance Toolkit\;D:\Anaconda;D:\Anaconda\Scripts;D:\Anaconda\Library\bin;C:\Users\Hungyu Wei\AppData\Roaming\npm;C:\opencv\build\x64\vc14\bin;
10 verbose lifecycle webtest@1.0.0~dev: CWD: C:\Users\Hungyu Wei\Desktop\MY_NODE_WEB
11 silly lifecycle webtest@1.0.0~dev: Args: [ '/d /s /c', 'nodemon server.js' ]
12 silly lifecycle webtest@1.0.0~dev: Returned: code: 3221225786  signal: null
13 info lifecycle webtest@1.0.0~dev: Failed to exec dev script
14 verbose stack Error: webtest@1.0.0 dev: `nodemon server.js`
14 verbose stack Exit status 3221225786
14 verbose stack     at EventEmitter.<anonymous> (C:\Program Files\nodejs\node_modules\npm\lib\utils\lifecycle.js:255:16)
14 verbose stack     at emitTwo (events.js:106:13)
14 verbose stack     at EventEmitter.emit (events.js:191:7)
14 verbose stack     at ChildProcess.<anonymous> (C:\Program Files\nodejs\node_modules\npm\lib\utils\spawn.js:40:14)
14 verbose stack     at emitTwo (events.js:106:13)
14 verbose stack     at ChildProcess.emit (events.js:191:7)
14 verbose stack     at maybeClose (internal/child_process.js:877:16)
14 verbose stack     at Process.ChildProcess._handle.onexit (internal/child_process.js:226:5)
15 verbose pkgid webtest@1.0.0
16 verbose cwd C:\Users\Hungyu Wei\Desktop\MY_NODE_WEB\public\js
17 error Windows_NT 6.1.7601
18 error argv "C:\\Program Files\\nodejs\\node.exe" "C:\\Program Files\\nodejs\\node_modules\\npm\\bin\\npm-cli.js" "run" "dev"
19 error node v6.9.5
20 error npm  v3.10.10
21 error code ELIFECYCLE
22 error webtest@1.0.0 dev: `nodemon server.js`
22 error Exit status 3221225786
23 error Failed at the webtest@1.0.0 dev script 'nodemon server.js'.
23 error Make sure you have the latest version of node.js and npm installed.
23 error If you do, this is most likely a problem with the webtest package,
23 error not with npm itself.
23 error Tell the author that this fails on your system:
23 error     nodemon server.js
23 error You can get information on how to open an issue for this project with:
23 error     npm bugs webtest
23 error Or if that isn't available, you can get their info via:
23 error     npm owner ls webtest
23 error There is likely additional logging output above.
24 verbose exit [ 1, true ]
